[2022-06-08T09:24:44.487] [ERROR] default - DriverPackageNotInstalledError: Postgres package has not been found installed. Try to install it: npm install pg --save
    at PostgresDriver.loadDependencies (C:\Users\11104311\Desktop\tyscript練習\node_modules\typeorm\driver\postgres\PostgresDriver.js:1038:19)
    at new PostgresDriver (C:\Users\11104311\Desktop\tyscript練習\node_modules\typeorm\driver\postgres\PostgresDriver.js:218:14)
    at DriverFactory.create (C:\Users\11104311\Desktop\tyscript練習\node_modules\typeorm\driver\DriverFactory.js:36:24)
    at new DataSource (C:\Users\11104311\Desktop\tyscript練習\node_modules\typeorm\data-source\DataSource.js:49:59)
    at ConnectionManager.create (C:\Users\11104311\Desktop\tyscript練習\node_modules\typeorm\connection\ConnectionManager.js:59:28)
    at createConnection (C:\Users\11104311\Desktop\tyscript練習\node_modules\typeorm\globals.js:60:35)
    at Object.<anonymous> (C:\Users\11104311\Desktop\tyscript練習\test.js:46:32)
    at Module._compile (internal/modules/cjs/loader.js:1158:30)
    at Object.Module._extensions..js (internal/modules/cjs/loader.js:1178:10)
    at Module.load (internal/modules/cjs/loader.js:1002:32)
[2022-06-08T09:50:45.740] [INFO] default - Listening on port: undefined.
[2022-06-08T09:53:56.454] [INFO] default - Listening on port: 3000.
[2022-06-08T09:58:49.298] [INFO] default - Listening on port: 3000.
[2022-06-08T10:00:08.365] [INFO] default - Listening on port: 3000.
[2022-06-08T10:02:22.017] [ERROR] default - 測試
[2022-06-08T10:02:22.423] [INFO] default - Listening on port: 3000.
[2022-06-08T10:03:11.127] [INFO] default - Listening on port: 3000.
[2022-06-08T10:04:09.198] [INFO] default - Listening on port: 3000.
[2022-06-08T10:10:55.066] [INFO] default - Listening on port: 3000.
[2022-06-08T10:13:34.497] [INFO] default - Listening on port: 3000.
[2022-06-08T10:22:04.801] [ERROR] default - ReferenceError: connectLogger is not defined
    at C:\Users\11104311\Desktop\tyscript練習\test.js:64:13
    at step (C:\Users\11104311\Desktop\tyscript練習\test.js:33:23)
    at Object.next (C:\Users\11104311\Desktop\tyscript練習\test.js:14:53)
    at C:\Users\11104311\Desktop\tyscript練習\test.js:8:71
    at new Promise (<anonymous>)
    at __awaiter (C:\Users\11104311\Desktop\tyscript練習\test.js:4:12)
    at C:\Users\11104311\Desktop\tyscript練習\test.js:58:92
    at processTicksAndRejections (internal/process/task_queues.js:97:5)
[2022-06-08T10:22:26.447] [INFO] default - Listening on port: 3000.
[2022-06-08T10:22:35.740] [INFO] default - ::1 GET[200][3ms] / undefined
[2022-06-08T10:34:22.235] [WARN] default - ::1 GET[304][3ms] /api-docs/ undefined
[2022-06-08T10:34:22.266] [WARN] default - ::1 GET[304][1ms] /api-docs/swagger-ui.css undefined
[2022-06-08T10:34:22.275] [WARN] default - ::1 GET[304][0ms] /api-docs/swagger-ui-init.js undefined
[2022-06-08T10:34:22.280] [WARN] default - ::1 GET[304][5ms] /api-docs/swagger-ui-bundle.js undefined
[2022-06-08T10:34:22.287] [WARN] default - ::1 GET[304][13ms] /api-docs/swagger-ui-standalone-preset.js undefined
[2022-06-08T10:34:22.787] [INFO] default - ::1 GET[200][6ms] /api-docs/favicon-32x32.png undefined
[2022-06-08T10:34:23.359] [WARN] default - ::1 GET[304][1ms] /api-docs/ undefined
[2022-06-08T10:34:23.385] [WARN] default - ::1 GET[304][1ms] /api-docs/swagger-ui.css undefined
[2022-06-08T10:34:23.391] [WARN] default - ::1 GET[304][2ms] /api-docs/swagger-ui-init.js undefined
[2022-06-08T10:34:23.392] [WARN] default - ::1 GET[304][6ms] /api-docs/swagger-ui-bundle.js undefined
[2022-06-08T10:34:23.393] [WARN] default - ::1 GET[304][5ms] /api-docs/swagger-ui-standalone-preset.js undefined
[2022-06-08T10:34:23.596] [WARN] default - ::1 GET[304][1ms] /api-docs/favicon-32x32.png undefined
[2022-06-08T10:34:39.304] [INFO] default - Listening on port: 3000.
[2022-06-08T10:34:46.047] [WARN] default - ::1 GET[304][6ms] /api-docs/ undefined
[2022-06-08T10:34:46.075] [WARN] default - ::1 GET[304][1ms] /api-docs/swagger-ui.css undefined
[2022-06-08T10:34:46.086] [INFO] default - ::1 GET[200][4ms] /api-docs/swagger-ui-init.js undefined
[2022-06-08T10:34:46.090] [WARN] default - ::1 GET[304][13ms] /api-docs/swagger-ui-bundle.js undefined
[2022-06-08T10:34:46.102] [WARN] default - ::1 GET[304][23ms] /api-docs/swagger-ui-standalone-preset.js undefined
[2022-06-08T10:34:46.404] [WARN] default - ::1 GET[304][1ms] /api-docs/favicon-32x32.png undefined
[2022-06-08T10:35:45.356] [WARN] default - ::1 GET[304][1ms] /api-docs/ undefined
[2022-06-08T10:35:45.395] [WARN] default - ::1 GET[304][1ms] /api-docs/swagger-ui.css undefined
[2022-06-08T10:35:45.417] [WARN] default - ::1 GET[304][1ms] /api-docs/swagger-ui-init.js undefined
[2022-06-08T10:35:45.420] [WARN] default - ::1 GET[304][5ms] /api-docs/swagger-ui-bundle.js undefined
[2022-06-08T10:35:45.426] [WARN] default - ::1 GET[304][9ms] /api-docs/swagger-ui-standalone-preset.js undefined
[2022-06-08T10:35:45.867] [WARN] default - ::1 GET[304][1ms] /api-docs/favicon-32x32.png undefined
[2022-06-08T10:35:46.798] [WARN] default - ::1 GET[304][1ms] /api-docs/ undefined
[2022-06-08T10:35:46.826] [WARN] default - ::1 GET[304][0ms] /api-docs/swagger-ui.css undefined
[2022-06-08T10:35:46.831] [WARN] default - ::1 GET[304][2ms] /api-docs/swagger-ui-init.js undefined
[2022-06-08T10:35:46.848] [WARN] default - ::1 GET[304][19ms] /api-docs/swagger-ui-bundle.js undefined
[2022-06-08T10:35:46.852] [WARN] default - ::1 GET[304][24ms] /api-docs/swagger-ui-standalone-preset.js undefined
[2022-06-08T10:35:47.180] [WARN] default - ::1 GET[304][1ms] /api-docs/favicon-32x32.png undefined
[2022-06-08T10:35:54.478] [INFO] default - ::ffff:127.0.0.1 GET[200][1ms] / undefined
[2022-06-08T10:35:54.643] [ERROR] default - ::ffff:127.0.0.1 GET[404][2ms] /favicon.ico undefined
[2022-06-08T10:36:05.163] [WARN] default - ::ffff:127.0.0.1 GET[301][1ms] /api-docs undefined
[2022-06-08T10:36:05.176] [INFO] default - ::ffff:127.0.0.1 GET[200][1ms] /api-docs/ undefined
[2022-06-08T10:36:05.222] [INFO] default - ::ffff:127.0.0.1 GET[200][0ms] /api-docs/swagger-ui-init.js undefined
[2022-06-08T10:36:05.256] [INFO] default - ::ffff:127.0.0.1 GET[200][45ms] /api-docs/swagger-ui.css undefined
[2022-06-08T10:36:05.264] [INFO] default - ::ffff:127.0.0.1 GET[200][49ms] /api-docs/swagger-ui-standalone-preset.js undefined
[2022-06-08T10:36:05.277] [INFO] default - ::ffff:127.0.0.1 GET[200][63ms] /api-docs/swagger-ui-bundle.js undefined
[2022-06-08T10:36:05.937] [INFO] default - ::ffff:127.0.0.1 GET[200][1ms] /api-docs/favicon-32x32.png undefined
[2022-06-08T10:36:16.268] [INFO] default - Listening on port: 3000.
[2022-06-08T10:36:16.487] [WARN] default - ::ffff:127.0.0.1 GET[304][4ms] /api-docs/ undefined
[2022-06-08T10:36:16.508] [WARN] default - ::ffff:127.0.0.1 GET[304][1ms] /api-docs/swagger-ui.css undefined
[2022-06-08T10:36:16.514] [WARN] default - ::ffff:127.0.0.1 GET[304][1ms] /api-docs/swagger-ui-bundle.js undefined
[2022-06-08T10:36:16.516] [WARN] default - ::ffff:127.0.0.1 GET[304][3ms] /api-docs/swagger-ui-standalone-preset.js undefined
[2022-06-08T10:36:16.529] [INFO] default - ::ffff:127.0.0.1 GET[200][1ms] /api-docs/swagger-ui-init.js undefined
[2022-06-08T10:36:17.091] [WARN] default - ::ffff:127.0.0.1 GET[304][2ms] /api-docs/favicon-32x32.png undefined
[2022-06-08T10:36:47.090] [INFO] default - Listening on port: 3000.
[2022-06-08T10:36:54.112] [WARN] default - ::ffff:127.0.0.1 GET[304][6ms] /api-docs/ undefined
[2022-06-08T10:36:54.129] [WARN] default - ::ffff:127.0.0.1 GET[304][2ms] /api-docs/swagger-ui.css undefined
[2022-06-08T10:36:54.131] [WARN] default - ::ffff:127.0.0.1 GET[304][0ms] /api-docs/swagger-ui-init.js undefined
[2022-06-08T10:36:54.132] [WARN] default - ::ffff:127.0.0.1 GET[304][2ms] /api-docs/swagger-ui-bundle.js undefined
[2022-06-08T10:36:54.133] [WARN] default - ::ffff:127.0.0.1 GET[304][3ms] /api-docs/swagger-ui-standalone-preset.js undefined
[2022-06-08T10:36:54.441] [WARN] default - ::ffff:127.0.0.1 GET[304][4ms] /api-docs/favicon-32x32.png undefined
[2022-06-08T10:56:42.962] [ERROR] default - Error: Route.get() requires a callback function but got a [object Undefined]
    at Route.<computed> [as get] (C:\Users\11104311\Desktop\tyscript練習\node_modules\express\lib\router\route.js:211:15)
    at Function.app.<computed> [as get] (C:\Users\11104311\Desktop\tyscript練習\node_modules\express\lib\application.js:499:19)
    at C:\Users\11104311\Desktop\tyscript練習\test.js:71:31
    at Array.forEach (<anonymous>)
    at C:\Users\11104311\Desktop\tyscript練習\test.js:70:28
    at step (C:\Users\11104311\Desktop\tyscript練習\test.js:33:23)
    at Object.next (C:\Users\11104311\Desktop\tyscript練習\test.js:14:53)
    at C:\Users\11104311\Desktop\tyscript練習\test.js:8:71
    at new Promise (<anonymous>)
    at __awaiter (C:\Users\11104311\Desktop\tyscript練習\test.js:4:12)
[2022-06-08T10:57:30.109] [ERROR] default - Error: Route.get() requires a callback function but got a [object Undefined]
    at Route.<computed> [as get] (C:\Users\11104311\Desktop\tyscript練習\node_modules\express\lib\router\route.js:211:15)
    at Function.app.<computed> [as get] (C:\Users\11104311\Desktop\tyscript練習\node_modules\express\lib\application.js:499:19)
    at C:\Users\11104311\Desktop\tyscript練習\test.js:71:31
    at Array.forEach (<anonymous>)
    at C:\Users\11104311\Desktop\tyscript練習\test.js:70:28
    at step (C:\Users\11104311\Desktop\tyscript練習\test.js:33:23)
    at Object.next (C:\Users\11104311\Desktop\tyscript練習\test.js:14:53)
    at C:\Users\11104311\Desktop\tyscript練習\test.js:8:71
    at new Promise (<anonymous>)
    at __awaiter (C:\Users\11104311\Desktop\tyscript練習\test.js:4:12)
[2022-06-08T10:57:46.853] [INFO] default - Listening on port: 3000.
[2022-06-08T10:57:56.546] [INFO] default - ::1 GET[200][3ms] / undefined
[2022-06-08T10:58:40.565] [ERROR] default - Error: Route.get() requires a callback function but got a [object Undefined]
    at Route.<computed> [as get] (C:\Users\11104311\Desktop\tyscript練習\node_modules\express\lib\router\route.js:211:15)
    at Function.app.<computed> [as get] (C:\Users\11104311\Desktop\tyscript練習\node_modules\express\lib\application.js:499:19)
    at C:\Users\11104311\Desktop\tyscript練習\test.js:71:31
    at Array.forEach (<anonymous>)
    at C:\Users\11104311\Desktop\tyscript練習\test.js:70:28
    at step (C:\Users\11104311\Desktop\tyscript練習\test.js:33:23)
    at Object.next (C:\Users\11104311\Desktop\tyscript練習\test.js:14:53)
    at C:\Users\11104311\Desktop\tyscript練習\test.js:8:71
    at new Promise (<anonymous>)
    at __awaiter (C:\Users\11104311\Desktop\tyscript練習\test.js:4:12)
[2022-06-08T10:59:58.104] [INFO] default - Listening on port: 3000.
[2022-06-08T11:01:13.262] [INFO] default - Listening on port: 3000.
[2022-06-08T11:02:18.658] [INFO] default - Listening on port: 3000.
[2022-06-08T11:02:18.681] [INFO] default - ::1 GET[200][5ms] / undefined
[2022-06-08T11:47:43.318] [INFO] default - Listening on port: 3000.
[2022-06-08T11:47:45.095] [INFO] default - ::1 GET[200][6ms] / undefined
[2022-06-08T11:49:25.867] [INFO] default - Listening on port: 3000.
[2022-06-08T11:49:30.681] [INFO] default - ::1 GET[200][21ms] / undefined
[2022-06-08T12:59:54.204] [INFO] default - Listening on port: 3000.
[2022-06-08T12:59:57.888] [INFO] default - ::1 GET[200][36ms] / undefined
[2022-06-08T13:04:12.308] [INFO] default - Listening on port: 3000.
[2022-06-08T13:04:12.589] [INFO] default - ::1 GET[200][26ms] / undefined
[2022-06-08T13:08:23.198] [INFO] default - Listening on port: 3000.
[2022-06-08T13:08:25.744] [INFO] default - ::1 GET[200][42ms] / undefined
[2022-06-08T13:09:35.629] [INFO] default - Listening on port: 3000.
[2022-06-08T13:09:38.285] [INFO] default - ::1 GET[200][23ms] / undefined
[2022-06-08T13:11:17.659] [INFO] default - Listening on port: 3000.
[2022-06-08T13:11:19.823] [INFO] default - ::1 GET[200][15ms] / undefined
[2022-06-08T14:07:03.137] [INFO] default - Listening on port: 3000.
[2022-06-08T14:07:15.166] [INFO] default - Listening on port: 3000.
[2022-06-08T14:07:25.290] [INFO] default - ::1 GET[200][8ms] / undefined
[2022-06-08T14:08:10.984] [ERROR] default - ::1 GET[404][2ms] /api-doc undefined
[2022-06-08T14:09:10.032] [WARN] default - ::1 GET[301][1ms] /api-docs undefined
[2022-06-08T14:09:10.032] [WARN] default - undefined GET[304][3ms] /api-docs/ undefined
[2022-06-08T14:09:10.051] [INFO] default - ::1 GET[200][2ms] /api-docs/ undefined
[2022-06-08T14:09:10.094] [WARN] default - ::1 GET[304][4ms] /api-docs/swagger-ui.css undefined
[2022-06-08T14:09:10.098] [WARN] default - ::1 GET[304][1ms] /api-docs/swagger-ui-bundle.js undefined
[2022-06-08T14:09:10.099] [WARN] default - ::1 GET[304][1ms] /api-docs/swagger-ui-standalone-preset.js undefined
[2022-06-08T14:09:10.112] [INFO] default - ::1 GET[200][1ms] /api-docs/swagger-ui-init.js undefined
[2022-06-08T14:09:17.524] [INFO] default - Listening on port: 3000.
[2022-06-08T14:09:19.193] [WARN] default - ::1 GET[304][5ms] /api-docs/ undefined
[2022-06-08T14:09:19.215] [WARN] default - ::1 GET[304][1ms] /api-docs/swagger-ui.css undefined
[2022-06-08T14:09:19.221] [WARN] default - ::1 GET[304][1ms] /api-docs/swagger-ui-init.js undefined
[2022-06-08T14:09:19.239] [WARN] default - ::1 GET[304][23ms] /api-docs/swagger-ui-bundle.js undefined
[2022-06-08T14:09:19.253] [WARN] default - ::1 GET[304][35ms] /api-docs/swagger-ui-standalone-preset.js undefined
[2022-06-08T14:09:19.599] [WARN] default - ::1 GET[304][3ms] /api-docs/favicon-32x32.png undefined
[2022-06-08T14:09:20.171] [WARN] default - ::1 GET[304][0ms] /api-docs/ undefined
[2022-06-08T14:09:20.196] [WARN] default - ::1 GET[304][0ms] /api-docs/swagger-ui.css undefined
[2022-06-08T14:09:20.204] [WARN] default - ::1 GET[304][1ms] /api-docs/swagger-ui-init.js undefined
[2022-06-08T14:09:20.207] [WARN] default - ::1 GET[304][5ms] /api-docs/swagger-ui-bundle.js undefined
[2022-06-08T14:09:20.225] [WARN] default - ::1 GET[304][22ms] /api-docs/swagger-ui-standalone-preset.js undefined
[2022-06-08T14:09:20.356] [WARN] default - ::1 GET[304][0ms] /api-docs/favicon-32x32.png undefined
[2022-06-08T14:09:23.597] [WARN] default - ::1 GET[304][0ms] /api-docs/ undefined
[2022-06-08T14:09:23.616] [WARN] default - ::1 GET[304][0ms] /api-docs/swagger-ui.css undefined
[2022-06-08T14:09:23.618] [WARN] default - ::1 GET[304][0ms] /api-docs/swagger-ui-init.js undefined
[2022-06-08T14:09:23.619] [WARN] default - ::1 GET[304][1ms] /api-docs/swagger-ui-bundle.js undefined
[2022-06-08T14:09:23.620] [WARN] default - ::1 GET[304][3ms] /api-docs/swagger-ui-standalone-preset.js undefined
[2022-06-08T14:09:23.757] [WARN] default - ::1 GET[304][1ms] /api-docs/favicon-32x32.png undefined
[2022-06-08T14:09:23.967] [WARN] default - ::1 GET[304][1ms] /api-docs/ undefined
[2022-06-08T14:09:23.989] [WARN] default - ::1 GET[304][1ms] /api-docs/swagger-ui.css undefined
[2022-06-08T14:09:23.993] [WARN] default - ::1 GET[304][1ms] /api-docs/swagger-ui-init.js undefined
[2022-06-08T14:09:23.995] [WARN] default - ::1 GET[304][3ms] /api-docs/swagger-ui-bundle.js undefined
[2022-06-08T14:09:23.997] [WARN] default - ::1 GET[304][5ms] /api-docs/swagger-ui-standalone-preset.js undefined
[2022-06-08T14:09:24.104] [WARN] default - ::1 GET[304][1ms] /api-docs/favicon-32x32.png undefined
[2022-06-08T14:09:24.288] [WARN] default - ::1 GET[304][2ms] /api-docs/ undefined
[2022-06-08T14:09:24.311] [WARN] default - ::1 GET[304][0ms] /api-docs/swagger-ui.css undefined
[2022-06-08T14:09:24.315] [WARN] default - ::1 GET[304][0ms] /api-docs/swagger-ui-init.js undefined
[2022-06-08T14:09:24.317] [WARN] default - ::1 GET[304][2ms] /api-docs/swagger-ui-bundle.js undefined
[2022-06-08T14:09:24.318] [WARN] default - ::1 GET[304][4ms] /api-docs/swagger-ui-standalone-preset.js undefined
[2022-06-08T14:09:24.426] [WARN] default - ::1 GET[304][1ms] /api-docs/favicon-32x32.png undefined
[2022-06-08T14:09:55.031] [INFO] default - Listening on port: 3000.
[2022-06-08T14:09:57.868] [INFO] default - ::1 GET[200][9ms] / undefined
[2022-06-08T14:45:24.000] [INFO] default - Listening on port: 3000.
[2022-06-08T14:47:29.734] [INFO] default - undefined GET[200][120016ms] / undefined
[2022-06-08T15:05:37.894] [INFO] default - Listening on port: 3000.
[2022-06-08T15:08:34.460] [INFO] default - Listening on port: 3000.
[2022-06-08T15:12:42.828] [INFO] default - Listening on port: 3000.
[2022-06-08T15:30:23.549] [INFO] default - Listening on port: 3000.
[2022-06-08T15:31:13.276] [INFO] default - Listening on port: 3000.
[2022-06-08T16:27:55.265] [INFO] default - Listening on port: 3000.
[2022-06-08T16:28:05.072] [INFO] default - ::1 GET[200][9ms] / undefined
[2022-06-08T17:14:04.989] [INFO] default - Listening on port: 3000.
[2022-06-08T17:14:07.887] [INFO] default - ::1 GET[200][4ms] / undefined
[2022-06-08T17:19:19.188] [ERROR] default - MissingDriverError: Wrong driver: "undefined" given. Supported drivers are: "aurora-mysql", "aurora-postgres", "better-sqlite3", "capacitor", "cockroachdb", "cordova", "expo", "mariadb", "mongodb", "mssql", "mysql", "nativescript", "oracle", "postgres", "react-native", "sap", "sqlite", "sqljs", "spanner".
    at DriverFactory.create (C:\Users\11104311\Desktop\tyscript練習\node_modules\typeorm\driver\DriverFactory.js:72:23)
    at new DataSource (C:\Users\11104311\Desktop\tyscript練習\node_modules\typeorm\data-source\DataSource.js:49:59)
    at ConnectionManager.create (C:\Users\11104311\Desktop\tyscript練習\node_modules\typeorm\connection\ConnectionManager.js:59:28)
    at createConnection (C:\Users\11104311\Desktop\tyscript練習\node_modules\typeorm\globals.js:60:35)
    at Object.<anonymous> (C:\Users\11104311\Desktop\tyscript練習\test.js:69:32)
    at Module._compile (internal/modules/cjs/loader.js:1158:30)
    at Object.Module._extensions..js (internal/modules/cjs/loader.js:1178:10)
    at Module.load (internal/modules/cjs/loader.js:1002:32)
    at Function.Module._load (internal/modules/cjs/loader.js:901:14)
    at Function.executeUserEntryPoint [as runMain] (internal/modules/run_main.js:74:12)
[2022-06-08T17:20:11.954] [ERROR] default - MissingDriverError: Wrong driver: "undefined" given. Supported drivers are: "aurora-mysql", "aurora-postgres", "better-sqlite3", "capacitor", "cockroachdb", "cordova", "expo", "mariadb", "mongodb", "mssql", "mysql", "nativescript", "oracle", "postgres", "react-native", "sap", "sqlite", "sqljs", "spanner".
    at DriverFactory.create (C:\Users\11104311\Desktop\tyscript練習\node_modules\typeorm\driver\DriverFactory.js:72:23)
    at new DataSource (C:\Users\11104311\Desktop\tyscript練習\node_modules\typeorm\data-source\DataSource.js:49:59)
    at ConnectionManager.create (C:\Users\11104311\Desktop\tyscript練習\node_modules\typeorm\connection\ConnectionManager.js:59:28)
    at createConnection (C:\Users\11104311\Desktop\tyscript練習\node_modules\typeorm\globals.js:60:35)
    at Object.<anonymous> (C:\Users\11104311\Desktop\tyscript練習\test.js:69:32)
    at Module._compile (internal/modules/cjs/loader.js:1158:30)
    at Object.Module._extensions..js (internal/modules/cjs/loader.js:1178:10)
    at Module.load (internal/modules/cjs/loader.js:1002:32)
    at Function.Module._load (internal/modules/cjs/loader.js:901:14)
    at Function.executeUserEntryPoint [as runMain] (internal/modules/run_main.js:74:12)
[2022-06-08T17:20:36.597] [ERROR] default - MissingDriverError: Wrong driver: "undefined" given. Supported drivers are: "aurora-mysql", "aurora-postgres", "better-sqlite3", "capacitor", "cockroachdb", "cordova", "expo", "mariadb", "mongodb", "mssql", "mysql", "nativescript", "oracle", "postgres", "react-native", "sap", "sqlite", "sqljs", "spanner".
    at DriverFactory.create (C:\Users\11104311\Desktop\tyscript練習\node_modules\typeorm\driver\DriverFactory.js:72:23)
    at new DataSource (C:\Users\11104311\Desktop\tyscript練習\node_modules\typeorm\data-source\DataSource.js:49:59)
    at ConnectionManager.create (C:\Users\11104311\Desktop\tyscript練習\node_modules\typeorm\connection\ConnectionManager.js:59:28)
    at createConnection (C:\Users\11104311\Desktop\tyscript練習\node_modules\typeorm\globals.js:60:35)
    at Object.<anonymous> (C:\Users\11104311\Desktop\tyscript練習\test.js:69:32)
    at Module._compile (internal/modules/cjs/loader.js:1158:30)
    at Object.Module._extensions..js (internal/modules/cjs/loader.js:1178:10)
    at Module.load (internal/modules/cjs/loader.js:1002:32)
    at Function.Module._load (internal/modules/cjs/loader.js:901:14)
    at Function.executeUserEntryPoint [as runMain] (internal/modules/run_main.js:74:12)
[2022-06-08T17:21:24.456] [ERROR] default - MissingDriverError: Wrong driver: "undefined" given. Supported drivers are: "aurora-mysql", "aurora-postgres", "better-sqlite3", "capacitor", "cockroachdb", "cordova", "expo", "mariadb", "mongodb", "mssql", "mysql", "nativescript", "oracle", "postgres", "react-native", "sap", "sqlite", "sqljs", "spanner".
    at DriverFactory.create (C:\Users\11104311\Desktop\tyscript練習\node_modules\typeorm\driver\DriverFactory.js:72:23)
    at new DataSource (C:\Users\11104311\Desktop\tyscript練習\node_modules\typeorm\data-source\DataSource.js:49:59)
    at ConnectionManager.create (C:\Users\11104311\Desktop\tyscript練習\node_modules\typeorm\connection\ConnectionManager.js:59:28)
    at createConnection (C:\Users\11104311\Desktop\tyscript練習\node_modules\typeorm\globals.js:60:35)
    at Object.<anonymous> (C:\Users\11104311\Desktop\tyscript練習\test.js:69:32)
    at Module._compile (internal/modules/cjs/loader.js:1158:30)
    at Object.Module._extensions..js (internal/modules/cjs/loader.js:1178:10)
    at Module.load (internal/modules/cjs/loader.js:1002:32)
    at Function.Module._load (internal/modules/cjs/loader.js:901:14)
    at Function.executeUserEntryPoint [as runMain] (internal/modules/run_main.js:74:12)
[2022-06-08T17:22:37.445] [INFO] default - Listening on port: 3000.
[2022-06-08T17:22:41.811] [INFO] default - ::1 GET[200][7ms] / undefined
[2022-06-08T17:22:56.304] [INFO] default - Listening on port: 3000.
[2022-06-08T17:23:01.599] [INFO] default - ::1 GET[200][5ms] / undefined
[2022-06-08T17:41:47.308] [INFO] default - Listening on port: 3000.
[2022-06-08T17:41:54.084] [INFO] default - ::1 GET[200][4ms] / undefined
[2022-06-08T17:43:51.113] [INFO] default - Listening on port: 3000.
[2022-06-08T17:43:53.405] [INFO] default - ::1 GET[200][6ms] / undefined
[2022-06-08T17:44:44.732] [INFO] default - Listening on port: 3000.
[2022-06-08T17:44:46.061] [INFO] default - ::1 GET[200][4ms] / undefined
[2022-06-08T17:50:21.769] [INFO] default - Listening on port: 3000.
[2022-06-08T17:50:30.483] [INFO] default - ::1 GET[200][8ms] / undefined
[2022-06-08T17:51:09.031] [INFO] default - Listening on port: 3000.
[2022-06-08T17:51:27.224] [INFO] default - ::1 GET[200][5ms] / undefined
[2022-06-08T17:57:33.223] [INFO] default - Listening on port: 3000.
[2022-06-08T17:57:41.884] [INFO] default - ::1 GET[200][8ms] / undefined
[2022-06-09T14:56:23.161] [INFO] default - Listening on port: 3000.
[2022-06-09T17:43:23.396] [INFO] default - Listening on port: 3000.
[2022-06-10T09:18:58.349] [INFO] default - Listening on port: 3000.
[2022-06-10T09:19:20.535] [INFO] default - ::ffff:127.0.0.1 GET[200][10ms] / undefined
[2022-06-10T09:26:14.437] [INFO] default - Listening on port: 3000.
[2022-06-10T09:26:19.244] [INFO] default - ::1 GET[200][5ms] / undefined
[2022-06-10T09:28:00.351] [INFO] default - Listening on port: 3000.
[2022-06-10T09:28:00.619] [INFO] default - ::1 GET[200][4ms] / undefined
[2022-06-10T09:28:55.073] [INFO] default - Listening on port: 3000.
[2022-06-10T09:28:58.865] [INFO] default - ::1 GET[200][9ms] / undefined
[2022-06-10T09:29:49.005] [INFO] default - Listening on port: 3000.
[2022-06-10T09:29:53.029] [INFO] default - ::1 GET[200][5ms] / undefined
[2022-06-10T09:30:36.011] [INFO] default - Listening on port: 3000.
[2022-06-10T09:30:37.680] [INFO] default - ::1 GET[200][5ms] / undefined
[2022-06-10T09:31:21.236] [INFO] default - Listening on port: 3000.
[2022-06-10T09:31:24.572] [INFO] default - ::1 GET[200][7ms] / undefined
[2022-06-10T09:33:05.481] [INFO] default - Listening on port: 3000.
[2022-06-10T09:33:20.020] [INFO] default - Listening on port: 3000.
[2022-06-10T09:33:20.287] [INFO] default - ::1 GET[200][9ms] / undefined
[2022-06-10T09:36:10.957] [INFO] default - Listening on port: 3000.
[2022-06-10T09:36:11.772] [INFO] default - ::1 GET[200][7ms] / undefined
[2022-06-10T09:43:12.874] [INFO] default - Listening on port: 3000.
[2022-06-10T09:43:13.664] [INFO] default - ::1 GET[200][7ms] / undefined
[2022-06-10T09:46:32.315] [INFO] default - Listening on port: 3000.
[2022-06-10T09:46:32.437] [INFO] default - ::1 GET[200][4ms] / undefined
[2022-06-10T09:57:02.679] [INFO] default - Listening on port: 3000.
[2022-06-10T09:57:06.793] [INFO] default - ::1 GET[200][4ms] / undefined
[2022-06-10T10:12:06.056] [INFO] default - Listening on port: 3000.
[2022-06-10T10:12:11.437] [INFO] default - ::1 GET[200][8ms] / undefined
[2022-06-10T10:15:18.525] [INFO] default - Listening on port: 3000.
[2022-06-10T10:15:47.553] [INFO] default - Listening on port: 3000.
[2022-06-10T10:15:54.861] [INFO] default - ::1 GET[200][3ms] / undefined
[2022-06-10T10:16:17.180] [INFO] default - Listening on port: 3000.
[2022-06-10T10:16:21.639] [INFO] default - ::1 GET[200][7ms] / undefined
[2022-06-10T10:16:38.718] [INFO] default - Listening on port: 3000.
[2022-06-10T10:16:38.963] [INFO] default - ::1 GET[200][8ms] / undefined
[2022-06-10T10:17:01.160] [INFO] default - Listening on port: 3000.
[2022-06-10T10:17:04.215] [INFO] default - ::1 GET[200][8ms] / undefined
[2022-06-10T10:42:26.671] [INFO] default - Listening on port: 3000.
[2022-06-10T10:42:29.522] [INFO] default - ::1 GET[200][19ms] / undefined
[2022-06-10T10:54:50.482] [INFO] default - Listening on port: 3000.
[2022-06-10T10:54:53.589] [INFO] default - ::1 GET[200][18ms] / undefined
[2022-06-10T10:54:56.674] [INFO] default - ::1 POST[200][2ms] / undefined
[2022-06-10T10:55:49.740] [INFO] default - ::1 POST[200][1ms] / undefined
[2022-06-10T10:57:00.208] [INFO] default - Listening on port: 3000.
[2022-06-10T10:57:02.178] [INFO] default - ::1 POST[200][6ms] / undefined
[2022-06-10T10:57:26.259] [INFO] default - Listening on port: 3000.
[2022-06-10T10:57:27.086] [INFO] default - ::1 POST[200][92ms] / undefined
[2022-06-10T11:01:07.156] [INFO] default - Listening on port: 3000.
[2022-06-10T11:01:10.149] [INFO] default - ::1 POST[200][8ms] / undefined
[2022-06-10T11:04:19.918] [INFO] default - Listening on port: 3000.
[2022-06-10T11:04:21.311] [INFO] default - ::1 POST[200][7ms] / undefined
[2022-06-10T11:04:22.183] [INFO] default - ::1 POST[200][4ms] / undefined
[2022-06-10T11:06:20.679] [INFO] default - ::1 POST[200][2ms] / undefined
[2022-06-10T11:07:49.771] [INFO] default - Listening on port: 3000.
[2022-06-10T11:07:51.850] [INFO] default - ::1 POST[200][71ms] / undefined
[2022-06-10T11:14:00.945] [INFO] default - Listening on port: 3000.
[2022-06-10T11:14:05.784] [INFO] default - ::1 POST[200][8ms] / undefined
[2022-06-10T11:17:52.238] [INFO] default - Listening on port: 3000.
[2022-06-10T11:17:53.354] [INFO] default - ::1 POST[200][12ms] / undefined
[2022-06-10T11:18:07.730] [INFO] default - ::1 POST[200][1ms] /?name=emberow undefined
[2022-06-10T11:23:16.646] [INFO] default - Listening on port: 3000.
[2022-06-10T11:23:23.229] [INFO] default - ::1 POST[200][13ms] /?name=emberow undefined
[2022-06-10T11:24:27.618] [INFO] default - Listening on port: 3000.
[2022-06-10T11:24:28.523] [INFO] default - ::1 POST[200][95ms] /?name=emberow {"name":"andy","password":"123"}
[2022-06-10T14:23:03.450] [INFO] default - Listening on port: 3000.
[2022-06-10T14:23:08.375] [ERROR] default - ::1 POST[500][94ms] /?name=emberow {"name":"andy","password":"123"}
[2022-06-10T14:24:16.624] [INFO] default - Listening on port: 3000.
[2022-06-10T14:24:18.891] [ERROR] default - ::1 POST[500][41ms] /?name=emberow {"name":"andy","password":"123"}
[2022-06-10T14:32:50.147] [INFO] default - Listening on port: 3000.
[2022-06-10T14:34:25.118] [INFO] default - Listening on port: 3000.
[2022-06-10T14:34:29.418] [ERROR] default - ::1 POST[500][41ms] /?name=emberow {"name":"andy","password":"123"}
[2022-06-10T14:34:42.588] [ERROR] default - ::1 POST[500][3ms] /?name=emberow {"name":"andy","password":"123"}
[2022-06-10T14:34:49.173] [ERROR] default - ::1 POST[500][8ms] /?name=emberow {"name":"andy","password":"123"}
[2022-06-10T14:41:31.224] [INFO] default - Listening on port: 3000.
[2022-06-10T14:41:34.408] [INFO] default - ::1 POST[200][90ms] /?name=emberow {"name":"andy","password":"123"}
[2022-06-10T14:42:53.107] [INFO] default - Listening on port: 3000.
[2022-06-10T14:42:53.921] [INFO] default - ::1 POST[200][37ms] /?name=emberow {"name":"andy","password":"123"}
[2022-06-10T14:46:43.505] [INFO] default - Listening on port: 3000.
[2022-06-10T14:46:47.931] [INFO] default - ::1 POST[200][37ms] /?name=emberow {"name":"andy","password":"123"}
[2022-06-10T14:49:19.550] [INFO] default - Listening on port: 3000.
[2022-06-10T14:49:22.280] [INFO] default - ::1 POST[200][40ms] /?name=emberow {"name":"andy","password":"123"}
[2022-06-10T14:50:34.615] [INFO] default - Listening on port: 3000.
[2022-06-10T14:56:56.059] [INFO] default - Listening on port: 3000.
[2022-06-10T14:56:57.687] [INFO] default - ::1 POST[200][31ms] /?name=emberow {"name":"andy","password":"123"}
[2022-06-10T14:57:21.667] [INFO] default - Listening on port: 3000.
[2022-06-10T15:00:28.487] [INFO] default - Listening on port: 3000.
[2022-06-10T15:00:28.596] [INFO] default - ::1 POST[200][42ms] /?name=emberow {"name":"andy","password":"123"}
[2022-06-10T15:05:24.370] [INFO] default - Listening on port: 3000.
[2022-06-10T15:05:26.253] [INFO] default - ::1 POST[200][46ms] /?name=emberow {"name":"andy","password":"123"}
[2022-06-10T15:06:07.615] [INFO] default - Listening on port: 3000.
[2022-06-10T15:06:11.049] [INFO] default - ::1 POST[200][37ms] /?name=emberow {"name":"andy","password":"123"}
[2022-06-10T15:11:14.602] [INFO] default - Listening on port: 3000.
[2022-06-10T15:11:16.162] [INFO] default - ::1 POST[200][112ms] /?name=emberow {"name":"andy","password":"123"}
[2022-06-10T15:13:42.543] [INFO] default - Listening on port: 3000.
[2022-06-10T15:13:46.105] [INFO] default - ::1 POST[200][47ms] /?name=emberow {"name":"andy","password":"123"}
[2022-06-10T15:14:17.599] [INFO] default - Listening on port: 3000.
[2022-06-10T15:14:18.468] [INFO] default - ::1 POST[200][43ms] /?name=emberow {"name":"andy","password":"123"}
[2022-06-10T15:16:37.724] [INFO] default - Listening on port: 3000.
[2022-06-10T15:16:40.223] [INFO] default - ::1 POST[200][38ms] /?name=emberow {"name":"andy","password":"123"}
[2022-06-10T15:17:35.779] [INFO] default - Listening on port: 3000.
[2022-06-10T15:17:48.193] [INFO] default - ::1 POST[200][41ms] /?name=emberow {"name":"andy","password":"123"}
[2022-06-10T15:20:37.231] [INFO] default - Listening on port: 3000.
[2022-06-10T15:20:38.969] [INFO] default - ::1 POST[200][43ms] /?name=emberow {"name":"andy","password":"123"}
[2022-06-10T15:21:20.424] [INFO] default - Listening on port: 3000.
[2022-06-10T15:21:21.797] [ERROR] default - ::1 POST[500][28ms] /?name=emberow {"name":"andy","password":"123"}
[2022-06-10T15:21:46.310] [INFO] default - Listening on port: 3000.
[2022-06-10T15:21:51.722] [ERROR] default - ::1 POST[500][34ms] /?name=emberow {"name":"andy","password":"123"}
[2022-06-10T15:22:17.528] [INFO] default - Listening on port: 3000.
[2022-06-10T15:22:21.905] [ERROR] default - ::1 POST[500][30ms] /?name=emberow {"name":"andy","password":"123"}
[2022-06-10T15:22:45.567] [INFO] default - Listening on port: 3000.
[2022-06-10T15:22:45.985] [ERROR] default - ::1 POST[500][32ms] /?name=emberow {"name":"andy","password":"123"}
[2022-06-10T15:24:05.915] [INFO] default - Listening on port: 3000.
[2022-06-10T15:24:09.423] [INFO] default - ::1 POST[200][55ms] /?name=emberow {"name":"andy","password":"123"}
[2022-06-10T15:24:37.323] [INFO] default - Listening on port: 3000.
[2022-06-10T15:24:43.882] [INFO] default - ::1 POST[200][29ms] /?name=emberow {"name":"andy","password":"123"}
[2022-06-10T15:25:19.896] [INFO] default - Listening on port: 3000.
[2022-06-10T15:25:31.651] [INFO] default - ::1 POST[200][50ms] /?name=emberow {"name":"andy","password":"123"}
[2022-06-10T15:25:43.730] [INFO] default - Listening on port: 3000.
[2022-06-10T15:26:03.378] [ERROR] default - ::1 POST[500][282ms] /?name=emberow {"name":"andy","password":"123"}
[2022-06-10T15:26:04.844] [ERROR] default - ::1 POST[500][29ms] /?name=emberow {"name":"andy","password":"123"}
[2022-06-10T15:26:42.630] [ERROR] default - ::1 POST[500][155ms] / {"name":"andy","password":"123"}
[2022-06-10T15:30:51.352] [INFO] default - Listening on port: 3000.
[2022-06-10T15:30:52.531] [INFO] default - ::1 POST[200][53ms] / {"name":"andy","password":"123"}
[2022-06-10T15:31:30.378] [INFO] default - Listening on port: 3000.
[2022-06-10T15:31:37.819] [INFO] default - ::1 POST[200][53ms] / {"name":"andy2","password":"1234"}
[2022-06-10T16:19:16.290] [ERROR] default - Error: Route.delete() requires a callback function but got a [object Undefined]
    at Route.<computed> [as delete] (C:\Users\11104311\Desktop\nodejs-test\node_modules\express\lib\router\route.js:211:15)
    at Function.app.<computed> [as delete] (C:\Users\11104311\Desktop\nodejs-test\node_modules\express\lib\application.js:499:19)
    at C:\Users\11104311\Desktop\nodejs-test\out\test.js:27:26
    at Array.forEach (<anonymous>)
    at C:\Users\11104311\Desktop\nodejs-test\out\test.js:26:24
    at processTicksAndRejections (node:internal/process/task_queues:96:5)
[2022-06-10T16:19:31.254] [INFO] default - Listening on port: 3000.
[2022-06-10T16:19:34.152] [INFO] default - ::1 DELETE[200][113ms] / {"name":"andy2","password":"1234"}
[2022-06-10T16:20:21.272] [INFO] default - Listening on port: 3000.
[2022-06-10T16:20:24.537] [INFO] default - ::1 DELETE[200][37ms] / {"name":"andy2","password":"1234"}
